# JRE version: Java(TM) SE Runtime Environment (17.0.4.1+1) (build 17.0.4.1+1-LTS-2)
# Java VM: Java HotSpot(TM) 64-Bit Server VM (17.0.4.1+1-LTS-2, mixed mode, sharing, tiered, compressed oops, compressed class ptrs, g1 gc, windows-amd64)
GC Precious Log:
 CPUs: 8 total, 8 available
 Memory: 16183M
 Large Page Support: Disabled
 NUMA Support: Disabled
 Compressed Oops: Enabled (32-bit)
 Heap Region Size: 1M
 Heap Min Capacity: 8M
 Heap Initial Capacity: 254M
 Heap Max Capacity: 2G
 Pre-touch: Disabled
 Parallel Workers: 8
 Concurrent Workers: 2
 Concurrent Refinement Workers: 8
 Periodic GC: Disabled
Heap:
 garbage-first heap   total 290816K, used 238624K [0x0000000080000000, 0x0000000100000000)
  region size 1024K, 36 young (36864K), 3 survivors (3072K)
 Metaspace       used 99337K, committed 100864K, reserved 512000K
  class space    used 13724K, committed 14400K, reserved 421888K
GC Heap History (20 events):
Event: 45.171 GC heap before
{Heap before GC invocations=47 (full 0):
 garbage-first heap   total 290816K, used 226558K [0x0000000080000000, 0x0000000100000000)
  region size 1024K, 78 young (79872K), 11 survivors (11264K)
 Metaspace       used 94790K, committed 96064K, reserved 512000K
  class space    used 13149K, committed 13760K, reserved 421888K
}
Event: 45.189 GC heap after
{Heap after GC invocations=48 (full 0):
 garbage-first heap   total 290816K, used 168073K [0x0000000080000000, 0x0000000100000000)
  region size 1024K, 9 young (9216K), 9 survivors (9216K)
 Metaspace       used 94790K, committed 96064K, reserved 512000K
  class space    used 13149K, committed 13760K, reserved 421888K
}
Event: 45.924 GC heap before
{Heap before GC invocations=48 (full 0):
 garbage-first heap   total 290816K, used 232585K [0x0000000080000000, 0x0000000100000000)
  region size 1024K, 72 young (73728K), 9 survivors (9216K)
 Metaspace       used 96731K, committed 98048K, reserved 512000K
  class space    used 13389K, committed 14016K, reserved 421888K
}
Event: 45.937 GC heap after
{Heap after GC invocations=49 (full 0):
 garbage-first heap   total 290816K, used 176386K [0x0000000080000000, 0x0000000100000000)
  region size 1024K, 9 young (9216K), 9 survivors (9216K)
 Metaspace       used 96731K, committed 98048K, reserved 512000K
  class space    used 13389K, committed 14016K, reserved 421888K
}
Event: 46.394 GC heap before
{Heap before GC invocations=49 (full 0):
 garbage-first heap   total 290816K, used 234754K [0x0000000080000000, 0x0000000100000000)
  region size 1024K, 67 young (68608K), 9 survivors (9216K)
 Metaspace       used 97587K, committed 99008K, reserved 512000K
  class space    used 13542K, committed 14208K, reserved 421888K
}
Event: 46.405 GC heap after
{Heap after GC invocations=50 (full 0):
 garbage-first heap   total 290816K, used 181206K [0x0000000080000000, 0x0000000100000000)
  region size 1024K, 5 young (5120K), 5 survivors (5120K)
 Metaspace       used 97587K, committed 99008K, reserved 512000K
  class space    used 13542K, committed 14208K, reserved 421888K
}
Event: 47.158 GC heap before
{Heap before GC invocations=50 (full 0):
 garbage-first heap   total 290816K, used 237526K [0x0000000080000000, 0x0000000100000000)
  region size 1024K, 61 young (62464K), 5 survivors (5120K)
 Metaspace       used 98335K, committed 99712K, reserved 512000K
  class space    used 13626K, committed 14272K, reserved 421888K
}
Event: 47.170 GC heap after
{Heap after GC invocations=51 (full 0):
 garbage-first heap   total 290816K, used 187138K [0x0000000080000000, 0x0000000100000000)
  region size 1024K, 6 young (6144K), 6 survivors (6144K)
 Metaspace       used 98335K, committed 99712K, reserved 512000K
  class space    used 13626K, committed 14272K, reserved 421888K
}
Event: 47.916 GC heap before
{Heap before GC invocations=51 (full 0):
 garbage-first heap   total 290816K, used 240386K [0x0000000080000000, 0x0000000100000000)
  region size 1024K, 59 young (60416K), 6 survivors (6144K)
 Metaspace       used 98375K, committed 99776K, reserved 512000K
  class space    used 13626K, committed 14272K, reserved 421888K
}
Event: 47.923 GC heap after
{Heap after GC invocations=52 (full 0):
 garbage-first heap   total 290816K, used 189980K [0x0000000080000000, 0x0000000100000000)
  region size 1024K, 3 young (3072K), 3 survivors (3072K)
 Metaspace       used 98375K, committed 99776K, reserved 512000K
  class space    used 13626K, committed 14272K, reserved 421888K
}
Event: 48.732 GC heap before
{Heap before GC invocations=52 (full 0):
 garbage-first heap   total 290816K, used 247324K [0x0000000080000000, 0x0000000100000000)
  region size 1024K, 56 young (57344K), 3 survivors (3072K)
 Metaspace       used 98666K, committed 100160K, reserved 512000K
  class space    used 13637K, committed 14336K, reserved 421888K
}
Event: 48.739 GC heap after
{Heap after GC invocations=53 (full 0):
 garbage-first heap   total 290816K, used 193818K [0x0000000080000000, 0x0000000100000000)
  region size 1024K, 7 young (7168K), 7 survivors (7168K)
 Metaspace       used 98666K, committed 100160K, reserved 512000K
  class space    used 13637K, committed 14336K, reserved 421888K
}
Event: 49.478 GC heap before
{Heap before GC invocations=53 (full 0):
 garbage-first heap   total 290816K, used 253210K [0x0000000080000000, 0x0000000100000000)
  region size 1024K, 58 young (59392K), 7 survivors (7168K)
 Metaspace       used 98799K, committed 100224K, reserved 512000K
  class space    used 13655K, committed 14336K, reserved 421888K
}
Event: 49.486 GC heap after
{Heap after GC invocations=54 (full 0):
 garbage-first heap   total 290816K, used 197683K [0x0000000080000000, 0x0000000100000000)
  region size 1024K, 8 young (8192K), 8 survivors (8192K)
 Metaspace       used 98799K, committed 100224K, reserved 512000K
  class space    used 13655K, committed 14336K, reserved 421888K
}
Event: 49.934 GC heap before
{Heap before GC invocations=54 (full 0):
 garbage-first heap   total 290816K, used 254003K [0x0000000080000000, 0x0000000100000000)
  region size 1024K, 56 young (57344K), 8 survivors (8192K)
 Metaspace       used 98849K, committed 100288K, reserved 512000K
  class space    used 13664K, committed 14336K, reserved 421888K
}
Event: 49.944 GC heap after
{Heap after GC invocations=55 (full 0):
 garbage-first heap   total 290816K, used 201712K [0x0000000080000000, 0x0000000100000000)
  region size 1024K, 5 young (5120K), 5 survivors (5120K)
 Metaspace       used 98849K, committed 100288K, reserved 512000K
  class space    used 13664K, committed 14336K, reserved 421888K
}
Event: 50.660 GC heap before
{Heap before GC invocations=55 (full 0):
 garbage-first heap   total 290816K, used 250864K [0x0000000080000000, 0x0000000100000000)
  region size 1024K, 50 young (51200K), 5 survivors (5120K)
 Metaspace       used 99002K, committed 100544K, reserved 512000K
  class space    used 13680K, committed 14400K, reserved 421888K
}
Event: 50.668 GC heap after
{Heap after GC invocations=56 (full 0):
 garbage-first heap   total 290816K, used 208896K [0x0000000080000000, 0x0000000100000000)
  region size 1024K, 7 young (7168K), 7 survivors (7168K)
 Metaspace       used 99002K, committed 100544K, reserved 512000K
  class space    used 13680K, committed 14400K, reserved 421888K
}
Event: 51.134 GC heap before
{Heap before GC invocations=56 (full 0):
 garbage-first heap   total 290816K, used 249856K [0x0000000080000000, 0x0000000100000000)
  region size 1024K, 48 young (49152K), 7 survivors (7168K)
 Metaspace       used 99051K, committed 100608K, reserved 512000K
  class space    used 13688K, committed 14400K, reserved 421888K
}
Event: 51.143 GC heap after
{Heap after GC invocations=57 (full 0):
 garbage-first heap   total 290816K, used 206880K [0x0000000080000000, 0x0000000100000000)
  region size 1024K, 3 young (3072K), 3 survivors (3072K)
 Metaspace       used 99051K, committed 100608K, reserved 512000K
  class space    used 13688K, committed 14400K, reserved 421888K
}

